app/build/intermediates/manifest_merge_blame_file/release/manifest-merger-blame-release-report.txt
1<?xml version="1.0" encoding="utf-8"?>
2<manifest xmlns:android="http://schemas.android.com/apk/res/android"
3    package="com.snaptools.shorter"
4    android:versionCode="1"
5    android:versionName="1.0" >
6
7    <uses-sdk
8        android:minSdkVersion="23"
8-->src/main/AndroidManifest.xml
9        android:targetSdkVersion="33" />
9-->src/main/AndroidManifest.xml
10
11    <uses-permission android:name="android.permission.INTERNET" />
11-->src/main/AndroidManifest.xml:5:5-67
11-->src/main/AndroidManifest.xml:5:22-64
12
13    <application
13-->src/main/AndroidManifest.xml:7:5-26:19
14        android:description="@string/app_description"
14-->src/main/AndroidManifest.xml:10:9-54
15        android:extractNativeLibs="false"
16        android:icon="@drawable/ic_launcher"
16-->src/main/AndroidManifest.xml:9:9-45
17        android:label="@string/app_name" >
17-->src/main/AndroidManifest.xml:8:9-41
18        <activity
18-->src/main/AndroidManifest.xml:12:9-24:20
19            android:name="com.snaptools.shorter.ProcessTextActivity"
19-->src/main/AndroidManifest.xml:13:13-48
20            android:exported="true"
20-->src/main/AndroidManifest.xml:15:13-36
21            android:label="@string/app_name"
21-->src/main/AndroidManifest.xml:14:13-45
22            android:theme="@android:style/Theme.Translucent.NoTitleBar" >
22-->src/main/AndroidManifest.xml:16:13-72
23            <intent-filter>
23-->src/main/AndroidManifest.xml:18:13-22:29
24                <action android:name="android.intent.action.PROCESS_TEXT" />
24-->src/main/AndroidManifest.xml:19:17-77
24-->src/main/AndroidManifest.xml:19:25-74
25
26                <category android:name="android.intent.category.DEFAULT" />
26-->src/main/AndroidManifest.xml:20:17-76
26-->src/main/AndroidManifest.xml:20:27-73
27
28                <data android:mimeType="text/plain" />
28-->src/main/AndroidManifest.xml:21:17-55
28-->src/main/AndroidManifest.xml:21:23-52
29            </intent-filter>
30        </activity>
31    </application>
32
33</manifest>